ARM GAS  C:\Users\bvv64\AppData\Local\Temp\ccWcGyGo.s 			page 1


   1              		.cpu cortex-m0
   2              		.arch armv6s-m
   3              		.fpu softvfp
   4              		.eabi_attribute 20, 1
   5              		.eabi_attribute 21, 1
   6              		.eabi_attribute 23, 3
   7              		.eabi_attribute 24, 1
   8              		.eabi_attribute 25, 1
   9              		.eabi_attribute 26, 1
  10              		.eabi_attribute 30, 1
  11              		.eabi_attribute 34, 0
  12              		.eabi_attribute 18, 4
  13              		.file	"gpio.c"
  14              		.text
  15              	.Ltext0:
  16              		.cfi_sections	.debug_frame
  17              		.section	.text.MX_GPIO_Init,"ax",%progbits
  18              		.align	1
  19              		.global	MX_GPIO_Init
  20              		.syntax unified
  21              		.code	16
  22              		.thumb_func
  24              	MX_GPIO_Init:
  25              	.LFB334:
  26              		.file 1 "Core/Src/gpio.c"
   1:Core/Src/gpio.c **** /**
   2:Core/Src/gpio.c ****   ******************************************************************************
   3:Core/Src/gpio.c ****   * @file    gpio.c
   4:Core/Src/gpio.c ****   * @brief   This file provides code for the configuration
   5:Core/Src/gpio.c ****   *          of all used GPIO pins.
   6:Core/Src/gpio.c ****   ******************************************************************************
   7:Core/Src/gpio.c ****   * @attention
   8:Core/Src/gpio.c ****   *
   9:Core/Src/gpio.c ****   * Copyright (c) 2022 STMicroelectronics.
  10:Core/Src/gpio.c ****   * All rights reserved.
  11:Core/Src/gpio.c ****   *
  12:Core/Src/gpio.c ****   * This software is licensed under terms that can be found in the LICENSE file
  13:Core/Src/gpio.c ****   * in the root directory of this software component.
  14:Core/Src/gpio.c ****   * If no LICENSE file comes with this software, it is provided AS-IS.
  15:Core/Src/gpio.c ****   *
  16:Core/Src/gpio.c ****   ******************************************************************************
  17:Core/Src/gpio.c ****   */
  18:Core/Src/gpio.c **** 
  19:Core/Src/gpio.c **** #include "gpio.h"
  20:Core/Src/gpio.c **** 
  21:Core/Src/gpio.c **** 
  22:Core/Src/gpio.c **** void MX_GPIO_Init(void)
  23:Core/Src/gpio.c **** {
  27              		.loc 1 23 1 view -0
  28              		.cfi_startproc
  29              		@ args = 0, pretend = 0, frame = 8
  30              		@ frame_needed = 0, uses_anonymous_args = 0
  31              		@ link register save eliminated.
  32 0000 82B0     		sub	sp, sp, #8
  33              	.LCFI0:
  34              		.cfi_def_cfa_offset 8
  24:Core/Src/gpio.c **** 
ARM GAS  C:\Users\bvv64\AppData\Local\Temp\ccWcGyGo.s 			page 2


  25:Core/Src/gpio.c ****   /* GPIO Ports Clock Enable */
  26:Core/Src/gpio.c ****   LL_AHB1_GRP1_EnableClock(LL_AHB1_GRP1_PERIPH_GPIOA);
  35              		.loc 1 26 3 view .LVU1
  36              	.LVL0:
  37              	.LBB4:
  38              	.LBI4:
  39              		.file 2 "Drivers/STM32F0xx_HAL_Driver/Inc/stm32f0xx_ll_bus.h"
   1:Drivers/STM32F0xx_HAL_Driver/Inc/stm32f0xx_ll_bus.h **** /**
   2:Drivers/STM32F0xx_HAL_Driver/Inc/stm32f0xx_ll_bus.h ****   ******************************************************************************
   3:Drivers/STM32F0xx_HAL_Driver/Inc/stm32f0xx_ll_bus.h ****   * @file    stm32f0xx_ll_bus.h
   4:Drivers/STM32F0xx_HAL_Driver/Inc/stm32f0xx_ll_bus.h ****   * @author  MCD Application Team
   5:Drivers/STM32F0xx_HAL_Driver/Inc/stm32f0xx_ll_bus.h ****   * @brief   Header file of BUS LL module.
   6:Drivers/STM32F0xx_HAL_Driver/Inc/stm32f0xx_ll_bus.h **** 
   7:Drivers/STM32F0xx_HAL_Driver/Inc/stm32f0xx_ll_bus.h ****   @verbatim                
   8:Drivers/STM32F0xx_HAL_Driver/Inc/stm32f0xx_ll_bus.h ****                       ##### RCC Limitations #####
   9:Drivers/STM32F0xx_HAL_Driver/Inc/stm32f0xx_ll_bus.h ****   ==============================================================================
  10:Drivers/STM32F0xx_HAL_Driver/Inc/stm32f0xx_ll_bus.h ****     [..]  
  11:Drivers/STM32F0xx_HAL_Driver/Inc/stm32f0xx_ll_bus.h ****       A delay between an RCC peripheral clock enable and the effective peripheral 
  12:Drivers/STM32F0xx_HAL_Driver/Inc/stm32f0xx_ll_bus.h ****       enabling should be taken into account in order to manage the peripheral read/write 
  13:Drivers/STM32F0xx_HAL_Driver/Inc/stm32f0xx_ll_bus.h ****       from/to registers.
  14:Drivers/STM32F0xx_HAL_Driver/Inc/stm32f0xx_ll_bus.h ****       (+) This delay depends on the peripheral mapping.
  15:Drivers/STM32F0xx_HAL_Driver/Inc/stm32f0xx_ll_bus.h ****         (++) AHB & APB peripherals, 1 dummy read is necessary
  16:Drivers/STM32F0xx_HAL_Driver/Inc/stm32f0xx_ll_bus.h **** 
  17:Drivers/STM32F0xx_HAL_Driver/Inc/stm32f0xx_ll_bus.h ****     [..]  
  18:Drivers/STM32F0xx_HAL_Driver/Inc/stm32f0xx_ll_bus.h ****       Workarounds:
  19:Drivers/STM32F0xx_HAL_Driver/Inc/stm32f0xx_ll_bus.h ****       (#) For AHB & APB peripherals, a dummy read to the peripheral register has been
  20:Drivers/STM32F0xx_HAL_Driver/Inc/stm32f0xx_ll_bus.h ****           inserted in each LL_{BUS}_GRP{x}_EnableClock() function.
  21:Drivers/STM32F0xx_HAL_Driver/Inc/stm32f0xx_ll_bus.h **** 
  22:Drivers/STM32F0xx_HAL_Driver/Inc/stm32f0xx_ll_bus.h ****   @endverbatim
  23:Drivers/STM32F0xx_HAL_Driver/Inc/stm32f0xx_ll_bus.h ****   ******************************************************************************
  24:Drivers/STM32F0xx_HAL_Driver/Inc/stm32f0xx_ll_bus.h ****   * @attention
  25:Drivers/STM32F0xx_HAL_Driver/Inc/stm32f0xx_ll_bus.h ****   *
  26:Drivers/STM32F0xx_HAL_Driver/Inc/stm32f0xx_ll_bus.h ****   * <h2><center>&copy; Copyright (c) 2016 STMicroelectronics.
  27:Drivers/STM32F0xx_HAL_Driver/Inc/stm32f0xx_ll_bus.h ****   * All rights reserved.</center></h2>
  28:Drivers/STM32F0xx_HAL_Driver/Inc/stm32f0xx_ll_bus.h ****   *
  29:Drivers/STM32F0xx_HAL_Driver/Inc/stm32f0xx_ll_bus.h ****   * This software component is licensed by ST under BSD 3-Clause license,
  30:Drivers/STM32F0xx_HAL_Driver/Inc/stm32f0xx_ll_bus.h ****   * the "License"; You may not use this file except in compliance with the
  31:Drivers/STM32F0xx_HAL_Driver/Inc/stm32f0xx_ll_bus.h ****   * License. You may obtain a copy of the License at:
  32:Drivers/STM32F0xx_HAL_Driver/Inc/stm32f0xx_ll_bus.h ****   *                        opensource.org/licenses/BSD-3-Clause
  33:Drivers/STM32F0xx_HAL_Driver/Inc/stm32f0xx_ll_bus.h ****   *
  34:Drivers/STM32F0xx_HAL_Driver/Inc/stm32f0xx_ll_bus.h ****   ******************************************************************************
  35:Drivers/STM32F0xx_HAL_Driver/Inc/stm32f0xx_ll_bus.h ****   */
  36:Drivers/STM32F0xx_HAL_Driver/Inc/stm32f0xx_ll_bus.h **** 
  37:Drivers/STM32F0xx_HAL_Driver/Inc/stm32f0xx_ll_bus.h **** /* Define to prevent recursive inclusion -------------------------------------*/
  38:Drivers/STM32F0xx_HAL_Driver/Inc/stm32f0xx_ll_bus.h **** #ifndef __STM32F0xx_LL_BUS_H
  39:Drivers/STM32F0xx_HAL_Driver/Inc/stm32f0xx_ll_bus.h **** #define __STM32F0xx_LL_BUS_H
  40:Drivers/STM32F0xx_HAL_Driver/Inc/stm32f0xx_ll_bus.h **** 
  41:Drivers/STM32F0xx_HAL_Driver/Inc/stm32f0xx_ll_bus.h **** #ifdef __cplusplus
  42:Drivers/STM32F0xx_HAL_Driver/Inc/stm32f0xx_ll_bus.h **** extern "C" {
  43:Drivers/STM32F0xx_HAL_Driver/Inc/stm32f0xx_ll_bus.h **** #endif
  44:Drivers/STM32F0xx_HAL_Driver/Inc/stm32f0xx_ll_bus.h **** 
  45:Drivers/STM32F0xx_HAL_Driver/Inc/stm32f0xx_ll_bus.h **** /* Includes ------------------------------------------------------------------*/
  46:Drivers/STM32F0xx_HAL_Driver/Inc/stm32f0xx_ll_bus.h **** #include "stm32f0xx.h"
  47:Drivers/STM32F0xx_HAL_Driver/Inc/stm32f0xx_ll_bus.h **** 
  48:Drivers/STM32F0xx_HAL_Driver/Inc/stm32f0xx_ll_bus.h **** /** @addtogroup STM32F0xx_LL_Driver
  49:Drivers/STM32F0xx_HAL_Driver/Inc/stm32f0xx_ll_bus.h ****   * @{
  50:Drivers/STM32F0xx_HAL_Driver/Inc/stm32f0xx_ll_bus.h ****   */
ARM GAS  C:\Users\bvv64\AppData\Local\Temp\ccWcGyGo.s 			page 3


  51:Drivers/STM32F0xx_HAL_Driver/Inc/stm32f0xx_ll_bus.h **** 
  52:Drivers/STM32F0xx_HAL_Driver/Inc/stm32f0xx_ll_bus.h **** #if defined(RCC)
  53:Drivers/STM32F0xx_HAL_Driver/Inc/stm32f0xx_ll_bus.h **** 
  54:Drivers/STM32F0xx_HAL_Driver/Inc/stm32f0xx_ll_bus.h **** /** @defgroup BUS_LL BUS
  55:Drivers/STM32F0xx_HAL_Driver/Inc/stm32f0xx_ll_bus.h ****   * @{
  56:Drivers/STM32F0xx_HAL_Driver/Inc/stm32f0xx_ll_bus.h ****   */
  57:Drivers/STM32F0xx_HAL_Driver/Inc/stm32f0xx_ll_bus.h **** 
  58:Drivers/STM32F0xx_HAL_Driver/Inc/stm32f0xx_ll_bus.h **** /* Private types -------------------------------------------------------------*/
  59:Drivers/STM32F0xx_HAL_Driver/Inc/stm32f0xx_ll_bus.h **** /* Private variables ---------------------------------------------------------*/
  60:Drivers/STM32F0xx_HAL_Driver/Inc/stm32f0xx_ll_bus.h **** 
  61:Drivers/STM32F0xx_HAL_Driver/Inc/stm32f0xx_ll_bus.h **** /* Private constants ---------------------------------------------------------*/
  62:Drivers/STM32F0xx_HAL_Driver/Inc/stm32f0xx_ll_bus.h **** 
  63:Drivers/STM32F0xx_HAL_Driver/Inc/stm32f0xx_ll_bus.h **** /* Private macros ------------------------------------------------------------*/
  64:Drivers/STM32F0xx_HAL_Driver/Inc/stm32f0xx_ll_bus.h **** 
  65:Drivers/STM32F0xx_HAL_Driver/Inc/stm32f0xx_ll_bus.h **** /* Exported types ------------------------------------------------------------*/
  66:Drivers/STM32F0xx_HAL_Driver/Inc/stm32f0xx_ll_bus.h **** /* Exported constants --------------------------------------------------------*/
  67:Drivers/STM32F0xx_HAL_Driver/Inc/stm32f0xx_ll_bus.h **** /** @defgroup BUS_LL_Exported_Constants BUS Exported Constants
  68:Drivers/STM32F0xx_HAL_Driver/Inc/stm32f0xx_ll_bus.h ****   * @{
  69:Drivers/STM32F0xx_HAL_Driver/Inc/stm32f0xx_ll_bus.h ****   */
  70:Drivers/STM32F0xx_HAL_Driver/Inc/stm32f0xx_ll_bus.h **** 
  71:Drivers/STM32F0xx_HAL_Driver/Inc/stm32f0xx_ll_bus.h **** /** @defgroup BUS_LL_EC_AHB1_GRP1_PERIPH  AHB1 GRP1 PERIPH
  72:Drivers/STM32F0xx_HAL_Driver/Inc/stm32f0xx_ll_bus.h ****   * @{
  73:Drivers/STM32F0xx_HAL_Driver/Inc/stm32f0xx_ll_bus.h ****   */
  74:Drivers/STM32F0xx_HAL_Driver/Inc/stm32f0xx_ll_bus.h **** #define LL_AHB1_GRP1_PERIPH_ALL            (uint32_t)0xFFFFFFFFU
  75:Drivers/STM32F0xx_HAL_Driver/Inc/stm32f0xx_ll_bus.h **** #define LL_AHB1_GRP1_PERIPH_DMA1           RCC_AHBENR_DMA1EN
  76:Drivers/STM32F0xx_HAL_Driver/Inc/stm32f0xx_ll_bus.h **** #if defined(DMA2)
  77:Drivers/STM32F0xx_HAL_Driver/Inc/stm32f0xx_ll_bus.h **** #define LL_AHB1_GRP1_PERIPH_DMA2           RCC_AHBENR_DMA2EN
  78:Drivers/STM32F0xx_HAL_Driver/Inc/stm32f0xx_ll_bus.h **** #endif /*DMA2*/
  79:Drivers/STM32F0xx_HAL_Driver/Inc/stm32f0xx_ll_bus.h **** #define LL_AHB1_GRP1_PERIPH_SRAM           RCC_AHBENR_SRAMEN
  80:Drivers/STM32F0xx_HAL_Driver/Inc/stm32f0xx_ll_bus.h **** #define LL_AHB1_GRP1_PERIPH_FLASH          RCC_AHBENR_FLITFEN
  81:Drivers/STM32F0xx_HAL_Driver/Inc/stm32f0xx_ll_bus.h **** #define LL_AHB1_GRP1_PERIPH_CRC            RCC_AHBENR_CRCEN
  82:Drivers/STM32F0xx_HAL_Driver/Inc/stm32f0xx_ll_bus.h **** #define LL_AHB1_GRP1_PERIPH_GPIOA          RCC_AHBENR_GPIOAEN
  83:Drivers/STM32F0xx_HAL_Driver/Inc/stm32f0xx_ll_bus.h **** #define LL_AHB1_GRP1_PERIPH_GPIOB          RCC_AHBENR_GPIOBEN
  84:Drivers/STM32F0xx_HAL_Driver/Inc/stm32f0xx_ll_bus.h **** #define LL_AHB1_GRP1_PERIPH_GPIOC          RCC_AHBENR_GPIOCEN
  85:Drivers/STM32F0xx_HAL_Driver/Inc/stm32f0xx_ll_bus.h **** #if defined(GPIOD)
  86:Drivers/STM32F0xx_HAL_Driver/Inc/stm32f0xx_ll_bus.h **** #define LL_AHB1_GRP1_PERIPH_GPIOD          RCC_AHBENR_GPIODEN
  87:Drivers/STM32F0xx_HAL_Driver/Inc/stm32f0xx_ll_bus.h **** #endif /*GPIOD*/
  88:Drivers/STM32F0xx_HAL_Driver/Inc/stm32f0xx_ll_bus.h **** #if defined(GPIOE)
  89:Drivers/STM32F0xx_HAL_Driver/Inc/stm32f0xx_ll_bus.h **** #define LL_AHB1_GRP1_PERIPH_GPIOE          RCC_AHBENR_GPIOEEN
  90:Drivers/STM32F0xx_HAL_Driver/Inc/stm32f0xx_ll_bus.h **** #endif /*GPIOE*/
  91:Drivers/STM32F0xx_HAL_Driver/Inc/stm32f0xx_ll_bus.h **** #define LL_AHB1_GRP1_PERIPH_GPIOF          RCC_AHBENR_GPIOFEN
  92:Drivers/STM32F0xx_HAL_Driver/Inc/stm32f0xx_ll_bus.h **** #if defined(TSC)
  93:Drivers/STM32F0xx_HAL_Driver/Inc/stm32f0xx_ll_bus.h **** #define LL_AHB1_GRP1_PERIPH_TSC            RCC_AHBENR_TSCEN
  94:Drivers/STM32F0xx_HAL_Driver/Inc/stm32f0xx_ll_bus.h **** #endif /*TSC*/
  95:Drivers/STM32F0xx_HAL_Driver/Inc/stm32f0xx_ll_bus.h **** /**
  96:Drivers/STM32F0xx_HAL_Driver/Inc/stm32f0xx_ll_bus.h ****   * @}
  97:Drivers/STM32F0xx_HAL_Driver/Inc/stm32f0xx_ll_bus.h ****   */
  98:Drivers/STM32F0xx_HAL_Driver/Inc/stm32f0xx_ll_bus.h **** 
  99:Drivers/STM32F0xx_HAL_Driver/Inc/stm32f0xx_ll_bus.h **** /** @defgroup BUS_LL_EC_APB1_GRP1_PERIPH  APB1 GRP1 PERIPH
 100:Drivers/STM32F0xx_HAL_Driver/Inc/stm32f0xx_ll_bus.h ****   * @{
 101:Drivers/STM32F0xx_HAL_Driver/Inc/stm32f0xx_ll_bus.h ****   */
 102:Drivers/STM32F0xx_HAL_Driver/Inc/stm32f0xx_ll_bus.h **** #define LL_APB1_GRP1_PERIPH_ALL            (uint32_t)0xFFFFFFFFU
 103:Drivers/STM32F0xx_HAL_Driver/Inc/stm32f0xx_ll_bus.h **** #if defined(TIM2)
 104:Drivers/STM32F0xx_HAL_Driver/Inc/stm32f0xx_ll_bus.h **** #define LL_APB1_GRP1_PERIPH_TIM2           RCC_APB1ENR_TIM2EN
 105:Drivers/STM32F0xx_HAL_Driver/Inc/stm32f0xx_ll_bus.h **** #endif /*TIM2*/
 106:Drivers/STM32F0xx_HAL_Driver/Inc/stm32f0xx_ll_bus.h **** #define LL_APB1_GRP1_PERIPH_TIM3           RCC_APB1ENR_TIM3EN
 107:Drivers/STM32F0xx_HAL_Driver/Inc/stm32f0xx_ll_bus.h **** #if defined(TIM6)
ARM GAS  C:\Users\bvv64\AppData\Local\Temp\ccWcGyGo.s 			page 4


 108:Drivers/STM32F0xx_HAL_Driver/Inc/stm32f0xx_ll_bus.h **** #define LL_APB1_GRP1_PERIPH_TIM6           RCC_APB1ENR_TIM6EN
 109:Drivers/STM32F0xx_HAL_Driver/Inc/stm32f0xx_ll_bus.h **** #endif /*TIM6*/
 110:Drivers/STM32F0xx_HAL_Driver/Inc/stm32f0xx_ll_bus.h **** #if defined(TIM7)
 111:Drivers/STM32F0xx_HAL_Driver/Inc/stm32f0xx_ll_bus.h **** #define LL_APB1_GRP1_PERIPH_TIM7           RCC_APB1ENR_TIM7EN
 112:Drivers/STM32F0xx_HAL_Driver/Inc/stm32f0xx_ll_bus.h **** #endif /*TIM7*/
 113:Drivers/STM32F0xx_HAL_Driver/Inc/stm32f0xx_ll_bus.h **** #define LL_APB1_GRP1_PERIPH_TIM14          RCC_APB1ENR_TIM14EN
 114:Drivers/STM32F0xx_HAL_Driver/Inc/stm32f0xx_ll_bus.h **** #define LL_APB1_GRP1_PERIPH_WWDG           RCC_APB1ENR_WWDGEN
 115:Drivers/STM32F0xx_HAL_Driver/Inc/stm32f0xx_ll_bus.h **** #if defined(SPI2)
 116:Drivers/STM32F0xx_HAL_Driver/Inc/stm32f0xx_ll_bus.h **** #define LL_APB1_GRP1_PERIPH_SPI2           RCC_APB1ENR_SPI2EN
 117:Drivers/STM32F0xx_HAL_Driver/Inc/stm32f0xx_ll_bus.h **** #endif /*SPI2*/
 118:Drivers/STM32F0xx_HAL_Driver/Inc/stm32f0xx_ll_bus.h **** #if defined(USART2)
 119:Drivers/STM32F0xx_HAL_Driver/Inc/stm32f0xx_ll_bus.h **** #define LL_APB1_GRP1_PERIPH_USART2         RCC_APB1ENR_USART2EN
 120:Drivers/STM32F0xx_HAL_Driver/Inc/stm32f0xx_ll_bus.h **** #endif /* USART2 */
 121:Drivers/STM32F0xx_HAL_Driver/Inc/stm32f0xx_ll_bus.h **** #if defined(USART3)
 122:Drivers/STM32F0xx_HAL_Driver/Inc/stm32f0xx_ll_bus.h **** #define LL_APB1_GRP1_PERIPH_USART3         RCC_APB1ENR_USART3EN
 123:Drivers/STM32F0xx_HAL_Driver/Inc/stm32f0xx_ll_bus.h **** #endif /* USART3 */
 124:Drivers/STM32F0xx_HAL_Driver/Inc/stm32f0xx_ll_bus.h **** #if defined(USART4)
 125:Drivers/STM32F0xx_HAL_Driver/Inc/stm32f0xx_ll_bus.h **** #define LL_APB1_GRP1_PERIPH_USART4         RCC_APB1ENR_USART4EN
 126:Drivers/STM32F0xx_HAL_Driver/Inc/stm32f0xx_ll_bus.h **** #endif /* USART4 */
 127:Drivers/STM32F0xx_HAL_Driver/Inc/stm32f0xx_ll_bus.h **** #if defined(USART5)
 128:Drivers/STM32F0xx_HAL_Driver/Inc/stm32f0xx_ll_bus.h **** #define LL_APB1_GRP1_PERIPH_USART5         RCC_APB1ENR_USART5EN
 129:Drivers/STM32F0xx_HAL_Driver/Inc/stm32f0xx_ll_bus.h **** #endif /* USART5 */
 130:Drivers/STM32F0xx_HAL_Driver/Inc/stm32f0xx_ll_bus.h **** #define LL_APB1_GRP1_PERIPH_I2C1           RCC_APB1ENR_I2C1EN
 131:Drivers/STM32F0xx_HAL_Driver/Inc/stm32f0xx_ll_bus.h **** #if defined(I2C2)
 132:Drivers/STM32F0xx_HAL_Driver/Inc/stm32f0xx_ll_bus.h **** #define LL_APB1_GRP1_PERIPH_I2C2           RCC_APB1ENR_I2C2EN
 133:Drivers/STM32F0xx_HAL_Driver/Inc/stm32f0xx_ll_bus.h **** #endif /*I2C2*/
 134:Drivers/STM32F0xx_HAL_Driver/Inc/stm32f0xx_ll_bus.h **** #if defined(USB)
 135:Drivers/STM32F0xx_HAL_Driver/Inc/stm32f0xx_ll_bus.h **** #define LL_APB1_GRP1_PERIPH_USB            RCC_APB1ENR_USBEN
 136:Drivers/STM32F0xx_HAL_Driver/Inc/stm32f0xx_ll_bus.h **** #endif /* USB */
 137:Drivers/STM32F0xx_HAL_Driver/Inc/stm32f0xx_ll_bus.h **** #if defined(CAN)
 138:Drivers/STM32F0xx_HAL_Driver/Inc/stm32f0xx_ll_bus.h **** #define LL_APB1_GRP1_PERIPH_CAN            RCC_APB1ENR_CANEN
 139:Drivers/STM32F0xx_HAL_Driver/Inc/stm32f0xx_ll_bus.h **** #endif /*CAN*/
 140:Drivers/STM32F0xx_HAL_Driver/Inc/stm32f0xx_ll_bus.h **** #if defined(CRS)
 141:Drivers/STM32F0xx_HAL_Driver/Inc/stm32f0xx_ll_bus.h **** #define LL_APB1_GRP1_PERIPH_CRS            RCC_APB1ENR_CRSEN
 142:Drivers/STM32F0xx_HAL_Driver/Inc/stm32f0xx_ll_bus.h **** #endif /*CRS*/
 143:Drivers/STM32F0xx_HAL_Driver/Inc/stm32f0xx_ll_bus.h **** #define LL_APB1_GRP1_PERIPH_PWR            RCC_APB1ENR_PWREN
 144:Drivers/STM32F0xx_HAL_Driver/Inc/stm32f0xx_ll_bus.h **** #if defined(DAC)
 145:Drivers/STM32F0xx_HAL_Driver/Inc/stm32f0xx_ll_bus.h **** #define LL_APB1_GRP1_PERIPH_DAC1           RCC_APB1ENR_DACEN
 146:Drivers/STM32F0xx_HAL_Driver/Inc/stm32f0xx_ll_bus.h **** #endif /*DAC*/
 147:Drivers/STM32F0xx_HAL_Driver/Inc/stm32f0xx_ll_bus.h **** #if defined(CEC)
 148:Drivers/STM32F0xx_HAL_Driver/Inc/stm32f0xx_ll_bus.h **** #define LL_APB1_GRP1_PERIPH_CEC            RCC_APB1ENR_CECEN
 149:Drivers/STM32F0xx_HAL_Driver/Inc/stm32f0xx_ll_bus.h **** #endif /*CEC*/
 150:Drivers/STM32F0xx_HAL_Driver/Inc/stm32f0xx_ll_bus.h **** /**
 151:Drivers/STM32F0xx_HAL_Driver/Inc/stm32f0xx_ll_bus.h ****   * @}
 152:Drivers/STM32F0xx_HAL_Driver/Inc/stm32f0xx_ll_bus.h ****   */
 153:Drivers/STM32F0xx_HAL_Driver/Inc/stm32f0xx_ll_bus.h **** 
 154:Drivers/STM32F0xx_HAL_Driver/Inc/stm32f0xx_ll_bus.h **** /** @defgroup BUS_LL_EC_APB1_GRP2_PERIPH  APB1 GRP2 PERIPH
 155:Drivers/STM32F0xx_HAL_Driver/Inc/stm32f0xx_ll_bus.h ****   * @{
 156:Drivers/STM32F0xx_HAL_Driver/Inc/stm32f0xx_ll_bus.h ****   */
 157:Drivers/STM32F0xx_HAL_Driver/Inc/stm32f0xx_ll_bus.h **** #define LL_APB1_GRP2_PERIPH_ALL            (uint32_t)0xFFFFFFFFU
 158:Drivers/STM32F0xx_HAL_Driver/Inc/stm32f0xx_ll_bus.h **** #define LL_APB1_GRP2_PERIPH_SYSCFG         RCC_APB2ENR_SYSCFGEN
 159:Drivers/STM32F0xx_HAL_Driver/Inc/stm32f0xx_ll_bus.h **** #define LL_APB1_GRP2_PERIPH_ADC1           RCC_APB2ENR_ADC1EN
 160:Drivers/STM32F0xx_HAL_Driver/Inc/stm32f0xx_ll_bus.h **** #if defined(USART8)
 161:Drivers/STM32F0xx_HAL_Driver/Inc/stm32f0xx_ll_bus.h **** #define LL_APB1_GRP2_PERIPH_USART8         RCC_APB2ENR_USART8EN
 162:Drivers/STM32F0xx_HAL_Driver/Inc/stm32f0xx_ll_bus.h **** #endif /*USART8*/
 163:Drivers/STM32F0xx_HAL_Driver/Inc/stm32f0xx_ll_bus.h **** #if defined(USART7)
 164:Drivers/STM32F0xx_HAL_Driver/Inc/stm32f0xx_ll_bus.h **** #define LL_APB1_GRP2_PERIPH_USART7         RCC_APB2ENR_USART7EN
ARM GAS  C:\Users\bvv64\AppData\Local\Temp\ccWcGyGo.s 			page 5


 165:Drivers/STM32F0xx_HAL_Driver/Inc/stm32f0xx_ll_bus.h **** #endif /*USART7*/
 166:Drivers/STM32F0xx_HAL_Driver/Inc/stm32f0xx_ll_bus.h **** #if defined(USART6)
 167:Drivers/STM32F0xx_HAL_Driver/Inc/stm32f0xx_ll_bus.h **** #define LL_APB1_GRP2_PERIPH_USART6         RCC_APB2ENR_USART6EN
 168:Drivers/STM32F0xx_HAL_Driver/Inc/stm32f0xx_ll_bus.h **** #endif /*USART6*/
 169:Drivers/STM32F0xx_HAL_Driver/Inc/stm32f0xx_ll_bus.h **** #define LL_APB1_GRP2_PERIPH_TIM1           RCC_APB2ENR_TIM1EN
 170:Drivers/STM32F0xx_HAL_Driver/Inc/stm32f0xx_ll_bus.h **** #define LL_APB1_GRP2_PERIPH_SPI1           RCC_APB2ENR_SPI1EN
 171:Drivers/STM32F0xx_HAL_Driver/Inc/stm32f0xx_ll_bus.h **** #define LL_APB1_GRP2_PERIPH_USART1         RCC_APB2ENR_USART1EN
 172:Drivers/STM32F0xx_HAL_Driver/Inc/stm32f0xx_ll_bus.h **** #if defined(TIM15)
 173:Drivers/STM32F0xx_HAL_Driver/Inc/stm32f0xx_ll_bus.h **** #define LL_APB1_GRP2_PERIPH_TIM15          RCC_APB2ENR_TIM15EN
 174:Drivers/STM32F0xx_HAL_Driver/Inc/stm32f0xx_ll_bus.h **** #endif /*TIM15*/
 175:Drivers/STM32F0xx_HAL_Driver/Inc/stm32f0xx_ll_bus.h **** #define LL_APB1_GRP2_PERIPH_TIM16          RCC_APB2ENR_TIM16EN
 176:Drivers/STM32F0xx_HAL_Driver/Inc/stm32f0xx_ll_bus.h **** #define LL_APB1_GRP2_PERIPH_TIM17          RCC_APB2ENR_TIM17EN
 177:Drivers/STM32F0xx_HAL_Driver/Inc/stm32f0xx_ll_bus.h **** #define LL_APB1_GRP2_PERIPH_DBGMCU         RCC_APB2ENR_DBGMCUEN
 178:Drivers/STM32F0xx_HAL_Driver/Inc/stm32f0xx_ll_bus.h **** /**
 179:Drivers/STM32F0xx_HAL_Driver/Inc/stm32f0xx_ll_bus.h ****   * @}
 180:Drivers/STM32F0xx_HAL_Driver/Inc/stm32f0xx_ll_bus.h ****   */
 181:Drivers/STM32F0xx_HAL_Driver/Inc/stm32f0xx_ll_bus.h **** 
 182:Drivers/STM32F0xx_HAL_Driver/Inc/stm32f0xx_ll_bus.h **** /**
 183:Drivers/STM32F0xx_HAL_Driver/Inc/stm32f0xx_ll_bus.h ****   * @}
 184:Drivers/STM32F0xx_HAL_Driver/Inc/stm32f0xx_ll_bus.h ****   */
 185:Drivers/STM32F0xx_HAL_Driver/Inc/stm32f0xx_ll_bus.h **** 
 186:Drivers/STM32F0xx_HAL_Driver/Inc/stm32f0xx_ll_bus.h **** /* Exported macro ------------------------------------------------------------*/
 187:Drivers/STM32F0xx_HAL_Driver/Inc/stm32f0xx_ll_bus.h **** /* Exported functions --------------------------------------------------------*/
 188:Drivers/STM32F0xx_HAL_Driver/Inc/stm32f0xx_ll_bus.h **** /** @defgroup BUS_LL_Exported_Functions BUS Exported Functions
 189:Drivers/STM32F0xx_HAL_Driver/Inc/stm32f0xx_ll_bus.h ****   * @{
 190:Drivers/STM32F0xx_HAL_Driver/Inc/stm32f0xx_ll_bus.h ****   */
 191:Drivers/STM32F0xx_HAL_Driver/Inc/stm32f0xx_ll_bus.h **** 
 192:Drivers/STM32F0xx_HAL_Driver/Inc/stm32f0xx_ll_bus.h **** /** @defgroup BUS_LL_EF_AHB1 AHB1
 193:Drivers/STM32F0xx_HAL_Driver/Inc/stm32f0xx_ll_bus.h ****   * @{
 194:Drivers/STM32F0xx_HAL_Driver/Inc/stm32f0xx_ll_bus.h ****   */
 195:Drivers/STM32F0xx_HAL_Driver/Inc/stm32f0xx_ll_bus.h **** 
 196:Drivers/STM32F0xx_HAL_Driver/Inc/stm32f0xx_ll_bus.h **** /**
 197:Drivers/STM32F0xx_HAL_Driver/Inc/stm32f0xx_ll_bus.h ****   * @brief  Enable AHB1 peripherals clock.
 198:Drivers/STM32F0xx_HAL_Driver/Inc/stm32f0xx_ll_bus.h ****   * @rmtoll AHBENR       DMA1EN        LL_AHB1_GRP1_EnableClock\n
 199:Drivers/STM32F0xx_HAL_Driver/Inc/stm32f0xx_ll_bus.h ****   *         AHBENR       DMA2EN        LL_AHB1_GRP1_EnableClock\n
 200:Drivers/STM32F0xx_HAL_Driver/Inc/stm32f0xx_ll_bus.h ****   *         AHBENR       SRAMEN        LL_AHB1_GRP1_EnableClock\n
 201:Drivers/STM32F0xx_HAL_Driver/Inc/stm32f0xx_ll_bus.h ****   *         AHBENR       FLITFEN       LL_AHB1_GRP1_EnableClock\n
 202:Drivers/STM32F0xx_HAL_Driver/Inc/stm32f0xx_ll_bus.h ****   *         AHBENR       CRCEN         LL_AHB1_GRP1_EnableClock\n
 203:Drivers/STM32F0xx_HAL_Driver/Inc/stm32f0xx_ll_bus.h ****   *         AHBENR       GPIOAEN       LL_AHB1_GRP1_EnableClock\n
 204:Drivers/STM32F0xx_HAL_Driver/Inc/stm32f0xx_ll_bus.h ****   *         AHBENR       GPIOBEN       LL_AHB1_GRP1_EnableClock\n
 205:Drivers/STM32F0xx_HAL_Driver/Inc/stm32f0xx_ll_bus.h ****   *         AHBENR       GPIOCEN       LL_AHB1_GRP1_EnableClock\n
 206:Drivers/STM32F0xx_HAL_Driver/Inc/stm32f0xx_ll_bus.h ****   *         AHBENR       GPIODEN       LL_AHB1_GRP1_EnableClock\n
 207:Drivers/STM32F0xx_HAL_Driver/Inc/stm32f0xx_ll_bus.h ****   *         AHBENR       GPIOEEN       LL_AHB1_GRP1_EnableClock\n
 208:Drivers/STM32F0xx_HAL_Driver/Inc/stm32f0xx_ll_bus.h ****   *         AHBENR       GPIOFEN       LL_AHB1_GRP1_EnableClock\n
 209:Drivers/STM32F0xx_HAL_Driver/Inc/stm32f0xx_ll_bus.h ****   *         AHBENR       TSCEN         LL_AHB1_GRP1_EnableClock
 210:Drivers/STM32F0xx_HAL_Driver/Inc/stm32f0xx_ll_bus.h ****   * @param  Periphs This parameter can be a combination of the following values:
 211:Drivers/STM32F0xx_HAL_Driver/Inc/stm32f0xx_ll_bus.h ****   *         @arg @ref LL_AHB1_GRP1_PERIPH_DMA1
 212:Drivers/STM32F0xx_HAL_Driver/Inc/stm32f0xx_ll_bus.h ****   *         @arg @ref LL_AHB1_GRP1_PERIPH_DMA2 (*)
 213:Drivers/STM32F0xx_HAL_Driver/Inc/stm32f0xx_ll_bus.h ****   *         @arg @ref LL_AHB1_GRP1_PERIPH_SRAM
 214:Drivers/STM32F0xx_HAL_Driver/Inc/stm32f0xx_ll_bus.h ****   *         @arg @ref LL_AHB1_GRP1_PERIPH_FLASH
 215:Drivers/STM32F0xx_HAL_Driver/Inc/stm32f0xx_ll_bus.h ****   *         @arg @ref LL_AHB1_GRP1_PERIPH_CRC
 216:Drivers/STM32F0xx_HAL_Driver/Inc/stm32f0xx_ll_bus.h ****   *         @arg @ref LL_AHB1_GRP1_PERIPH_GPIOA
 217:Drivers/STM32F0xx_HAL_Driver/Inc/stm32f0xx_ll_bus.h ****   *         @arg @ref LL_AHB1_GRP1_PERIPH_GPIOB
 218:Drivers/STM32F0xx_HAL_Driver/Inc/stm32f0xx_ll_bus.h ****   *         @arg @ref LL_AHB1_GRP1_PERIPH_GPIOC
 219:Drivers/STM32F0xx_HAL_Driver/Inc/stm32f0xx_ll_bus.h ****   *         @arg @ref LL_AHB1_GRP1_PERIPH_GPIOD (*)
 220:Drivers/STM32F0xx_HAL_Driver/Inc/stm32f0xx_ll_bus.h ****   *         @arg @ref LL_AHB1_GRP1_PERIPH_GPIOE (*)
 221:Drivers/STM32F0xx_HAL_Driver/Inc/stm32f0xx_ll_bus.h ****   *         @arg @ref LL_AHB1_GRP1_PERIPH_GPIOF
ARM GAS  C:\Users\bvv64\AppData\Local\Temp\ccWcGyGo.s 			page 6


 222:Drivers/STM32F0xx_HAL_Driver/Inc/stm32f0xx_ll_bus.h ****   *         @arg @ref LL_AHB1_GRP1_PERIPH_TSC (*)
 223:Drivers/STM32F0xx_HAL_Driver/Inc/stm32f0xx_ll_bus.h ****   *
 224:Drivers/STM32F0xx_HAL_Driver/Inc/stm32f0xx_ll_bus.h ****   *         (*) value not defined in all devices.
 225:Drivers/STM32F0xx_HAL_Driver/Inc/stm32f0xx_ll_bus.h ****   * @retval None
 226:Drivers/STM32F0xx_HAL_Driver/Inc/stm32f0xx_ll_bus.h **** */
 227:Drivers/STM32F0xx_HAL_Driver/Inc/stm32f0xx_ll_bus.h **** __STATIC_INLINE void LL_AHB1_GRP1_EnableClock(uint32_t Periphs)
  40              		.loc 2 227 22 view .LVU2
  41              	.LBB5:
 228:Drivers/STM32F0xx_HAL_Driver/Inc/stm32f0xx_ll_bus.h **** {
 229:Drivers/STM32F0xx_HAL_Driver/Inc/stm32f0xx_ll_bus.h ****   __IO uint32_t tmpreg;
  42              		.loc 2 229 3 view .LVU3
 230:Drivers/STM32F0xx_HAL_Driver/Inc/stm32f0xx_ll_bus.h ****   SET_BIT(RCC->AHBENR, Periphs);
  43              		.loc 2 230 3 view .LVU4
  44 0002 064A     		ldr	r2, .L2
  45 0004 5169     		ldr	r1, [r2, #20]
  46 0006 8020     		movs	r0, #128
  47 0008 8002     		lsls	r0, r0, #10
  48 000a 0143     		orrs	r1, r0
  49 000c 5161     		str	r1, [r2, #20]
 231:Drivers/STM32F0xx_HAL_Driver/Inc/stm32f0xx_ll_bus.h ****   /* Delay after an RCC peripheral clock enabling */
 232:Drivers/STM32F0xx_HAL_Driver/Inc/stm32f0xx_ll_bus.h ****   tmpreg = READ_BIT(RCC->AHBENR, Periphs);
  50              		.loc 2 232 3 view .LVU5
  51              		.loc 2 232 12 is_stmt 0 view .LVU6
  52 000e 5369     		ldr	r3, [r2, #20]
  53 0010 0340     		ands	r3, r0
  54              		.loc 2 232 10 view .LVU7
  55 0012 0193     		str	r3, [sp, #4]
 233:Drivers/STM32F0xx_HAL_Driver/Inc/stm32f0xx_ll_bus.h ****   (void)tmpreg;
  56              		.loc 2 233 3 is_stmt 1 view .LVU8
  57 0014 019B     		ldr	r3, [sp, #4]
  58              	.LVL1:
  59              		.loc 2 233 3 is_stmt 0 view .LVU9
  60              	.LBE5:
  61              	.LBE4:
  27:Core/Src/gpio.c **** 
  28:Core/Src/gpio.c **** }
  62              		.loc 1 28 1 view .LVU10
  63 0016 02B0     		add	sp, sp, #8
  64              		@ sp needed
  65 0018 7047     		bx	lr
  66              	.L3:
  67 001a C046     		.align	2
  68              	.L2:
  69 001c 00100240 		.word	1073876992
  70              		.cfi_endproc
  71              	.LFE334:
  73              		.text
  74              	.Letext0:
  75              		.file 3 "c:\\gnu_mcu\\xpack-arm-none-eabi-gcc-10.3.1-2.3\\arm-none-eabi\\include\\machine\\_defaul
  76              		.file 4 "c:\\gnu_mcu\\xpack-arm-none-eabi-gcc-10.3.1-2.3\\arm-none-eabi\\include\\sys\\_stdint.h"
  77              		.file 5 "Drivers/CMSIS/Device/ST/STM32F0xx/Include/stm32f030x6.h"
  78              		.file 6 "Drivers/STM32F0xx_HAL_Driver/Inc/stm32f0xx_ll_dma.h"
ARM GAS  C:\Users\bvv64\AppData\Local\Temp\ccWcGyGo.s 			page 7


DEFINED SYMBOLS
                            *ABS*:0000000000000000 gpio.c
C:\Users\bvv64\AppData\Local\Temp\ccWcGyGo.s:18     .text.MX_GPIO_Init:0000000000000000 $t
C:\Users\bvv64\AppData\Local\Temp\ccWcGyGo.s:24     .text.MX_GPIO_Init:0000000000000000 MX_GPIO_Init
C:\Users\bvv64\AppData\Local\Temp\ccWcGyGo.s:69     .text.MX_GPIO_Init:000000000000001c $d

NO UNDEFINED SYMBOLS
